<?xml version="1.0" encoding="UTF-8"?>
<testsuite name="com.reactive.programming.ReactiveProgrammingApplicationTest" tests="9" skipped="0" failures="0" errors="0" timestamp="2022-06-25T11:40:58" hostname="DESKTOP-Q4565GE" time="0.057">
  <properties/>
  <testcase name="concatFlux()" classname="com.reactive.programming.ReactiveProgrammingApplicationTest" time="0.007"/>
  <testcase name="zipFluxTest()" classname="com.reactive.programming.ReactiveProgrammingApplicationTest" time="0.007"/>
  <testcase name="returnFluxFlatMAPTest()" classname="com.reactive.programming.ReactiveProgrammingApplicationTest" time="0.016"/>
  <testcase name="returnFluxDefaultIfEmptyTest()" classname="com.reactive.programming.ReactiveProgrammingApplicationTest" time="0.003"/>
  <testcase name="returnFluxMAPTest()" classname="com.reactive.programming.ReactiveProgrammingApplicationTest" time="0.004"/>
  <testcase name="returnFluxSwitchIfEmptyTest()" classname="com.reactive.programming.ReactiveProgrammingApplicationTest" time="0.002"/>
  <testcase name="returnMonoFlatMAPTest()" classname="com.reactive.programming.ReactiveProgrammingApplicationTest" time="0.002"/>
  <testcase name="returnFluxFlatTransform()" classname="com.reactive.programming.ReactiveProgrammingApplicationTest" time="0.005"/>
  <testcase name="returnFluxTest()" classname="com.reactive.programming.ReactiveProgrammingApplicationTest" time="0.002"/>
  <system-out><![CDATA[2022-06-25 17:10:58.964  INFO 1348 --- [    Test worker] reactor.Flux.ConcatArray.5               : onSubscribe(FluxConcatArray.ConcatArraySubscriber)
2022-06-25 17:10:58.964  INFO 1348 --- [    Test worker] reactor.Flux.ConcatArray.5               : request(unbounded)
2022-06-25 17:10:58.964  INFO 1348 --- [    Test worker] reactor.Flux.ConcatArray.5               : onNext(Abc)
2022-06-25 17:10:58.964  INFO 1348 --- [    Test worker] reactor.Flux.ConcatArray.5               : onNext(Def)
2022-06-25 17:10:58.964  INFO 1348 --- [    Test worker] reactor.Flux.ConcatArray.5               : onComplete()
2022-06-25 17:10:58.974  INFO 1348 --- [    Test worker] reactor.Flux.Zip.6                       : onSubscribe(FluxZip.ZipCoordinator)
2022-06-25 17:10:58.974  INFO 1348 --- [    Test worker] reactor.Flux.Zip.6                       : request(unbounded)
2022-06-25 17:10:58.975  INFO 1348 --- [    Test worker] reactor.Flux.Zip.6                       : onNext(AD)
2022-06-25 17:10:58.975  INFO 1348 --- [    Test worker] reactor.Flux.Zip.6                       : onNext(BE)
2022-06-25 17:10:58.976  INFO 1348 --- [    Test worker] reactor.Flux.Zip.6                       : onNext(CF)
2022-06-25 17:10:58.976  INFO 1348 --- [    Test worker] reactor.Flux.Zip.6                       : onComplete()
2022-06-25 17:10:58.984  INFO 1348 --- [    Test worker] reactor.Flux.FlatMap.7                   : onSubscribe(FluxFlatMap.FlatMapMain)
2022-06-25 17:10:58.985  INFO 1348 --- [    Test worker] reactor.Flux.FlatMap.7                   : request(unbounded)
2022-06-25 17:10:58.986  INFO 1348 --- [    Test worker] reactor.Flux.FlatMap.7                   : onNext(R)
2022-06-25 17:10:58.986  INFO 1348 --- [    Test worker] reactor.Flux.FlatMap.7                   : onNext(A)
2022-06-25 17:10:58.986  INFO 1348 --- [    Test worker] reactor.Flux.FlatMap.7                   : onNext(N)
2022-06-25 17:10:58.986  INFO 1348 --- [    Test worker] reactor.Flux.FlatMap.7                   : onNext(J)
2022-06-25 17:10:58.987  INFO 1348 --- [    Test worker] reactor.Flux.FlatMap.7                   : onNext(I)
2022-06-25 17:10:58.987  INFO 1348 --- [    Test worker] reactor.Flux.FlatMap.7                   : onNext(T)
2022-06-25 17:10:58.987  INFO 1348 --- [    Test worker] reactor.Flux.FlatMap.7                   : onNext(H)
2022-06-25 17:10:58.988  INFO 1348 --- [    Test worker] reactor.Flux.FlatMap.7                   : onNext(F)
2022-06-25 17:10:58.989  INFO 1348 --- [    Test worker] reactor.Flux.FlatMap.7                   : onNext(E)
2022-06-25 17:10:58.990  INFO 1348 --- [    Test worker] reactor.Flux.FlatMap.7                   : onNext(R)
2022-06-25 17:10:58.991  INFO 1348 --- [    Test worker] reactor.Flux.FlatMap.7                   : onNext(N)
2022-06-25 17:10:58.991  INFO 1348 --- [    Test worker] reactor.Flux.FlatMap.7                   : onNext(A)
2022-06-25 17:10:58.992  INFO 1348 --- [    Test worker] reactor.Flux.FlatMap.7                   : onNext(N)
2022-06-25 17:10:58.992  INFO 1348 --- [    Test worker] reactor.Flux.FlatMap.7                   : onNext(D)
2022-06-25 17:10:58.992  INFO 1348 --- [    Test worker] reactor.Flux.FlatMap.7                   : onNext(O)
2022-06-25 17:10:58.992  INFO 1348 --- [    Test worker] reactor.Flux.FlatMap.7                   : onComplete()
2022-06-25 17:10:58.996  INFO 1348 --- [    Test worker] reactor.Flux.DefaultIfEmpty.8            : onSubscribe([Fuseable] FluxDefaultIfEmpty.DefaultIfEmptySubscriber)
2022-06-25 17:10:58.997  INFO 1348 --- [    Test worker] reactor.Flux.DefaultIfEmpty.8            : request(unbounded)
2022-06-25 17:10:58.997  INFO 1348 --- [    Test worker] reactor.Flux.DefaultIfEmpty.8            : onNext(default)
2022-06-25 17:10:58.997  INFO 1348 --- [    Test worker] reactor.Flux.DefaultIfEmpty.8            : onComplete()
2022-06-25 17:10:59.000  INFO 1348 --- [    Test worker] reactor.Flux.FilterFuseable.9            : | onSubscribe([Fuseable] FluxFilterFuseable.FilterFuseableSubscriber)
2022-06-25 17:10:59.001  INFO 1348 --- [    Test worker] reactor.Flux.FilterFuseable.9            : | request(unbounded)
2022-06-25 17:10:59.001  INFO 1348 --- [    Test worker] reactor.Flux.FilterFuseable.9            : | onNext(RANJITH)
2022-06-25 17:10:59.002  INFO 1348 --- [    Test worker] reactor.Flux.FilterFuseable.9            : | onNext(FERNANDO)
2022-06-25 17:10:59.002  INFO 1348 --- [    Test worker] reactor.Flux.FilterFuseable.9            : | onComplete()
2022-06-25 17:10:59.004  INFO 1348 --- [    Test worker] reactor.Flux.DefaultIfEmpty.10           : onSubscribe([Fuseable] FluxDefaultIfEmpty.DefaultIfEmptySubscriber)
2022-06-25 17:10:59.004  INFO 1348 --- [    Test worker] reactor.Flux.DefaultIfEmpty.10           : request(unbounded)
2022-06-25 17:10:59.005  INFO 1348 --- [    Test worker] reactor.Flux.DefaultIfEmpty.10           : onNext(default)
2022-06-25 17:10:59.005  INFO 1348 --- [    Test worker] reactor.Flux.DefaultIfEmpty.10           : onComplete()
2022-06-25 17:10:59.010  INFO 1348 --- [    Test worker] reactor.Flux.FlatMap.12                  : onSubscribe(FluxFlatMap.FlatMapMain)
2022-06-25 17:10:59.011  INFO 1348 --- [    Test worker] reactor.Flux.FlatMap.12                  : request(unbounded)
2022-06-25 17:10:59.011  INFO 1348 --- [    Test worker] reactor.Flux.FlatMap.12                  : onNext(R)
2022-06-25 17:10:59.011  INFO 1348 --- [    Test worker] reactor.Flux.FlatMap.12                  : onNext(A)
2022-06-25 17:10:59.012  INFO 1348 --- [    Test worker] reactor.Flux.FlatMap.12                  : onNext(N)
2022-06-25 17:10:59.012  INFO 1348 --- [    Test worker] reactor.Flux.FlatMap.12                  : onNext(J)
2022-06-25 17:10:59.012  INFO 1348 --- [    Test worker] reactor.Flux.FlatMap.12                  : onNext(I)
2022-06-25 17:10:59.012  INFO 1348 --- [    Test worker] reactor.Flux.FlatMap.12                  : onNext(T)
2022-06-25 17:10:59.013  INFO 1348 --- [    Test worker] reactor.Flux.FlatMap.12                  : onNext(H)
2022-06-25 17:10:59.013  INFO 1348 --- [    Test worker] reactor.Flux.FlatMap.12                  : onNext(F)
2022-06-25 17:10:59.013  INFO 1348 --- [    Test worker] reactor.Flux.FlatMap.12                  : onNext(E)
2022-06-25 17:10:59.013  INFO 1348 --- [    Test worker] reactor.Flux.FlatMap.12                  : onNext(R)
2022-06-25 17:10:59.013  INFO 1348 --- [    Test worker] reactor.Flux.FlatMap.12                  : onNext(N)
2022-06-25 17:10:59.013  INFO 1348 --- [    Test worker] reactor.Flux.FlatMap.12                  : onNext(A)
2022-06-25 17:10:59.013  INFO 1348 --- [    Test worker] reactor.Flux.FlatMap.12                  : onNext(N)
2022-06-25 17:10:59.014  INFO 1348 --- [    Test worker] reactor.Flux.FlatMap.12                  : onNext(D)
2022-06-25 17:10:59.014  INFO 1348 --- [    Test worker] reactor.Flux.FlatMap.12                  : onNext(O)
2022-06-25 17:10:59.014  INFO 1348 --- [    Test worker] reactor.Flux.FlatMap.12                  : onComplete()
2022-06-25 17:10:59.017  INFO 1348 --- [    Test worker] reactor.Flux.Iterable.13                 : | onSubscribe([Synchronous Fuseable] FluxIterable.IterableSubscription)
2022-06-25 17:10:59.017  INFO 1348 --- [    Test worker] reactor.Flux.Iterable.13                 : | request(unbounded)
2022-06-25 17:10:59.017  INFO 1348 --- [    Test worker] reactor.Flux.Iterable.13                 : | onNext(Alex)
2022-06-25 17:10:59.017  INFO 1348 --- [    Test worker] reactor.Flux.Iterable.13                 : | onNext(Ranjith)
2022-06-25 17:10:59.017  INFO 1348 --- [    Test worker] reactor.Flux.Iterable.13                 : | onNext(Fernando)
2022-06-25 17:10:59.018  INFO 1348 --- [    Test worker] reactor.Flux.Iterable.13                 : | onComplete()
]]></system-out>
  <system-err><![CDATA[]]></system-err>
</testsuite>
