<?xml version="1.0" encoding="UTF-8"?>
<testsuite name="com.reactive.programming.ReactiveProgrammingApplicationTest" tests="9" skipped="0" failures="0" errors="0" timestamp="2022-06-25T12:24:48" hostname="DESKTOP-Q4565GE" time="0.178">
  <properties/>
  <testcase name="concatFlux()" classname="com.reactive.programming.ReactiveProgrammingApplicationTest" time="0.009"/>
  <testcase name="zipFluxTest()" classname="com.reactive.programming.ReactiveProgrammingApplicationTest" time="0.026"/>
  <testcase name="returnFluxFlatMAPTest()" classname="com.reactive.programming.ReactiveProgrammingApplicationTest" time="0.039"/>
  <testcase name="returnFluxDefaultIfEmptyTest()" classname="com.reactive.programming.ReactiveProgrammingApplicationTest" time="0.01"/>
  <testcase name="returnFluxMAPTest()" classname="com.reactive.programming.ReactiveProgrammingApplicationTest" time="0.031"/>
  <testcase name="returnFluxSwitchIfEmptyTest()" classname="com.reactive.programming.ReactiveProgrammingApplicationTest" time="0.006"/>
  <testcase name="returnMonoFlatMAPTest()" classname="com.reactive.programming.ReactiveProgrammingApplicationTest" time="0.006"/>
  <testcase name="returnFluxFlatTransform()" classname="com.reactive.programming.ReactiveProgrammingApplicationTest" time="0.021"/>
  <testcase name="returnFluxTest()" classname="com.reactive.programming.ReactiveProgrammingApplicationTest" time="0.012"/>
  <system-out><![CDATA[2022-06-25 17:54:48.253  INFO 8764 --- [    Test worker] reactor.Flux.ConcatArray.5               : onSubscribe(FluxConcatArray.ConcatArraySubscriber)
2022-06-25 17:54:48.253  INFO 8764 --- [    Test worker] reactor.Flux.ConcatArray.5               : request(unbounded)
2022-06-25 17:54:48.253  INFO 8764 --- [    Test worker] reactor.Flux.ConcatArray.5               : onNext(Abc)
2022-06-25 17:54:48.254  INFO 8764 --- [    Test worker] reactor.Flux.ConcatArray.5               : onNext(Def)
2022-06-25 17:54:48.254  INFO 8764 --- [    Test worker] reactor.Flux.ConcatArray.5               : onComplete()
2022-06-25 17:54:48.275  INFO 8764 --- [    Test worker] reactor.Flux.Zip.6                       : onSubscribe(FluxZip.ZipCoordinator)
2022-06-25 17:54:48.278  INFO 8764 --- [    Test worker] reactor.Flux.Zip.6                       : request(unbounded)
2022-06-25 17:54:48.279  INFO 8764 --- [    Test worker] reactor.Flux.Zip.6                       : onNext(AD)
2022-06-25 17:54:48.280  INFO 8764 --- [    Test worker] reactor.Flux.Zip.6                       : onNext(BE)
2022-06-25 17:54:48.282  INFO 8764 --- [    Test worker] reactor.Flux.Zip.6                       : onNext(CF)
2022-06-25 17:54:48.284  INFO 8764 --- [    Test worker] reactor.Flux.Zip.6                       : onComplete()
2022-06-25 17:54:48.310  INFO 8764 --- [    Test worker] reactor.Flux.FlatMap.7                   : onSubscribe(FluxFlatMap.FlatMapMain)
2022-06-25 17:54:48.312  INFO 8764 --- [    Test worker] reactor.Flux.FlatMap.7                   : request(unbounded)
2022-06-25 17:54:48.314  INFO 8764 --- [    Test worker] reactor.Flux.FlatMap.7                   : onNext(R)
2022-06-25 17:54:48.315  INFO 8764 --- [    Test worker] reactor.Flux.FlatMap.7                   : onNext(A)
2022-06-25 17:54:48.316  INFO 8764 --- [    Test worker] reactor.Flux.FlatMap.7                   : onNext(N)
2022-06-25 17:54:48.317  INFO 8764 --- [    Test worker] reactor.Flux.FlatMap.7                   : onNext(J)
2022-06-25 17:54:48.318  INFO 8764 --- [    Test worker] reactor.Flux.FlatMap.7                   : onNext(I)
2022-06-25 17:54:48.318  INFO 8764 --- [    Test worker] reactor.Flux.FlatMap.7                   : onNext(T)
2022-06-25 17:54:48.318  INFO 8764 --- [    Test worker] reactor.Flux.FlatMap.7                   : onNext(H)
2022-06-25 17:54:48.319  INFO 8764 --- [    Test worker] reactor.Flux.FlatMap.7                   : onNext(F)
2022-06-25 17:54:48.320  INFO 8764 --- [    Test worker] reactor.Flux.FlatMap.7                   : onNext(E)
2022-06-25 17:54:48.320  INFO 8764 --- [    Test worker] reactor.Flux.FlatMap.7                   : onNext(R)
2022-06-25 17:54:48.320  INFO 8764 --- [    Test worker] reactor.Flux.FlatMap.7                   : onNext(N)
2022-06-25 17:54:48.323  INFO 8764 --- [    Test worker] reactor.Flux.FlatMap.7                   : onNext(A)
2022-06-25 17:54:48.326  INFO 8764 --- [    Test worker] reactor.Flux.FlatMap.7                   : onNext(N)
2022-06-25 17:54:48.327  INFO 8764 --- [    Test worker] reactor.Flux.FlatMap.7                   : onNext(D)
2022-06-25 17:54:48.327  INFO 8764 --- [    Test worker] reactor.Flux.FlatMap.7                   : onNext(O)
2022-06-25 17:54:48.330  INFO 8764 --- [    Test worker] reactor.Flux.FlatMap.7                   : onComplete()
2022-06-25 17:54:48.338  INFO 8764 --- [    Test worker] reactor.Flux.DefaultIfEmpty.8            : onSubscribe([Fuseable] FluxDefaultIfEmpty.DefaultIfEmptySubscriber)
2022-06-25 17:54:48.338  INFO 8764 --- [    Test worker] reactor.Flux.DefaultIfEmpty.8            : request(unbounded)
2022-06-25 17:54:48.339  INFO 8764 --- [    Test worker] reactor.Flux.DefaultIfEmpty.8            : onNext(default)
2022-06-25 17:54:48.341  INFO 8764 --- [    Test worker] reactor.Flux.DefaultIfEmpty.8            : onComplete()
2022-06-25 17:54:48.351  INFO 8764 --- [    Test worker] reactor.Flux.FilterFuseable.9            : | onSubscribe([Fuseable] FluxFilterFuseable.FilterFuseableSubscriber)
2022-06-25 17:54:48.354  INFO 8764 --- [    Test worker] reactor.Flux.FilterFuseable.9            : | request(unbounded)
2022-06-25 17:54:48.355  INFO 8764 --- [    Test worker] reactor.Flux.FilterFuseable.9            : | onNext(RANJITH)
2022-06-25 17:54:48.362  INFO 8764 --- [    Test worker] reactor.Flux.FilterFuseable.9            : | onNext(FERNANDO)
2022-06-25 17:54:48.363  INFO 8764 --- [    Test worker] reactor.Flux.FilterFuseable.9            : | onComplete()
2022-06-25 17:54:48.381  INFO 8764 --- [    Test worker] reactor.Flux.DefaultIfEmpty.10           : onSubscribe([Fuseable] FluxDefaultIfEmpty.DefaultIfEmptySubscriber)
2022-06-25 17:54:48.381  INFO 8764 --- [    Test worker] reactor.Flux.DefaultIfEmpty.10           : request(unbounded)
2022-06-25 17:54:48.383  INFO 8764 --- [    Test worker] reactor.Flux.DefaultIfEmpty.10           : onNext(default)
2022-06-25 17:54:48.383  INFO 8764 --- [    Test worker] reactor.Flux.DefaultIfEmpty.10           : onComplete()
2022-06-25 17:54:48.395  INFO 8764 --- [    Test worker] reactor.Flux.FlatMap.12                  : onSubscribe(FluxFlatMap.FlatMapMain)
2022-06-25 17:54:48.395  INFO 8764 --- [    Test worker] reactor.Flux.FlatMap.12                  : request(unbounded)
2022-06-25 17:54:48.396  INFO 8764 --- [    Test worker] reactor.Flux.FlatMap.12                  : onNext(R)
2022-06-25 17:54:48.397  INFO 8764 --- [    Test worker] reactor.Flux.FlatMap.12                  : onNext(A)
2022-06-25 17:54:48.397  INFO 8764 --- [    Test worker] reactor.Flux.FlatMap.12                  : onNext(N)
2022-06-25 17:54:48.398  INFO 8764 --- [    Test worker] reactor.Flux.FlatMap.12                  : onNext(J)
2022-06-25 17:54:48.399  INFO 8764 --- [    Test worker] reactor.Flux.FlatMap.12                  : onNext(I)
2022-06-25 17:54:48.400  INFO 8764 --- [    Test worker] reactor.Flux.FlatMap.12                  : onNext(T)
2022-06-25 17:54:48.401  INFO 8764 --- [    Test worker] reactor.Flux.FlatMap.12                  : onNext(H)
2022-06-25 17:54:48.402  INFO 8764 --- [    Test worker] reactor.Flux.FlatMap.12                  : onNext(F)
2022-06-25 17:54:48.403  INFO 8764 --- [    Test worker] reactor.Flux.FlatMap.12                  : onNext(E)
2022-06-25 17:54:48.404  INFO 8764 --- [    Test worker] reactor.Flux.FlatMap.12                  : onNext(R)
2022-06-25 17:54:48.405  INFO 8764 --- [    Test worker] reactor.Flux.FlatMap.12                  : onNext(N)
2022-06-25 17:54:48.409  INFO 8764 --- [    Test worker] reactor.Flux.FlatMap.12                  : onNext(A)
2022-06-25 17:54:48.411  INFO 8764 --- [    Test worker] reactor.Flux.FlatMap.12                  : onNext(N)
2022-06-25 17:54:48.412  INFO 8764 --- [    Test worker] reactor.Flux.FlatMap.12                  : onNext(D)
2022-06-25 17:54:48.412  INFO 8764 --- [    Test worker] reactor.Flux.FlatMap.12                  : onNext(O)
2022-06-25 17:54:48.413  INFO 8764 --- [    Test worker] reactor.Flux.FlatMap.12                  : onComplete()
2022-06-25 17:54:48.419  INFO 8764 --- [    Test worker] reactor.Flux.Iterable.13                 : | onSubscribe([Synchronous Fuseable] FluxIterable.IterableSubscription)
2022-06-25 17:54:48.420  INFO 8764 --- [    Test worker] reactor.Flux.Iterable.13                 : | request(unbounded)
2022-06-25 17:54:48.424  INFO 8764 --- [    Test worker] reactor.Flux.Iterable.13                 : | onNext(Alex)
2022-06-25 17:54:48.425  INFO 8764 --- [    Test worker] reactor.Flux.Iterable.13                 : | onNext(Ranjith)
2022-06-25 17:54:48.426  INFO 8764 --- [    Test worker] reactor.Flux.Iterable.13                 : | onNext(Fernando)
2022-06-25 17:54:48.427  INFO 8764 --- [    Test worker] reactor.Flux.Iterable.13                 : | onComplete()
]]></system-out>
  <system-err><![CDATA[]]></system-err>
</testsuite>
